[INFO] Scanning for projects...
[INFO] 
[INFO] -----------------< com.syncclinic:appointmentservice >------------------
[INFO] Building  0.0.1-SNAPSHOT
[INFO]   from pom.xml
[INFO] --------------------------------[ jar ]---------------------------------
[INFO] 
[INFO] >>> spring-boot:3.5.13:run (default-cli) > test-compile @ appointmentservice >>>
[INFO] 
[INFO] --- resources:3.3.1:resources (default-resources) @ appointmentservice ---
[INFO] Copying 1 resource from src\main\resources to target\classes
[INFO] Copying 0 resource from src\main\resources to target\classes
[INFO] 
[INFO] --- compiler:3.14.1:compile (default-compile) @ appointmentservice ---
[INFO] Nothing to compile - all classes are up to date.
[INFO] 
[INFO] --- resources:3.3.1:testResources (default-testResources) @ appointmentservice ---
[INFO] skip non existing resourceDirectory C:\Users\Dinujaya\Documents\GitHub\SyncClinic-Patient-Management-Microservices-Project\appointment-service\src\test\resources
[INFO] 
[INFO] --- compiler:3.14.1:testCompile (default-testCompile) @ appointmentservice ---
[INFO] Nothing to compile - all classes are up to date.
[INFO] 
[INFO] <<< spring-boot:3.5.13:run (default-cli) < test-compile @ appointmentservice <<<
[INFO] 
[INFO] 
[INFO] --- spring-boot:3.5.13:run (default-cli) @ appointmentservice ---
[INFO] Attaching agents: []

  .   ____          _            __ _ _
 /\\ / ___'_ __ _ _(_)_ __  __ _ \ \ \ \
( ( )\___ | '_ | '_| | '_ \/ _` | \ \ \ \
 \\/  ___)| |_)| | | | | || (_| |  ) ) ) )
  '  |____| .__|_| |_|_| |_\__, | / / / /
 =========|_|==============|___/=/_/_/_/

 :: Spring Boot ::               (v3.5.13)

2026-04-16T17:40:43.657+05:30  INFO 44364 --- [appointmentservice] [  restartedMain] c.s.a.AppointmentserviceApplication      : Starting AppointmentserviceApplication using Java 17.0.12 with PID 44364 (C:\Users\Dinujaya\Documents\GitHub\SyncClinic-Patient-Management-Microservices-Project\appointment-service\target\classes started by Dinujaya in C:\Users\Dinujaya\Documents\GitHub\SyncClinic-Patient-Management-Microservices-Project\appointment-service)
2026-04-16T17:40:43.662+05:30  INFO 44364 --- [appointmentservice] [  restartedMain] c.s.a.AppointmentserviceApplication      : No active profile set, falling back to 1 default profile: "default"
2026-04-16T17:40:43.724+05:30  INFO 44364 --- [appointmentservice] [  restartedMain] .e.DevToolsPropertyDefaultsPostProcessor : Devtools property defaults active! Set 'spring.devtools.add-properties' to 'false' to disable
2026-04-16T17:40:43.724+05:30  INFO 44364 --- [appointmentservice] [  restartedMain] .e.DevToolsPropertyDefaultsPostProcessor : For additional web related logging consider setting the 'logging.level.web' property to 'DEBUG'
2026-04-16T17:40:44.716+05:30  INFO 44364 --- [appointmentservice] [  restartedMain] .s.d.r.c.RepositoryConfigurationDelegate : Bootstrapping Spring Data JPA repositories in DEFAULT mode.
2026-04-16T17:40:44.808+05:30  INFO 44364 --- [appointmentservice] [  restartedMain] .s.d.r.c.RepositoryConfigurationDelegate : Finished Spring Data repository scanning in 79 ms. Found 1 JPA repository interface.
2026-04-16T17:40:45.657+05:30  INFO 44364 --- [appointmentservice] [  restartedMain] o.s.b.w.embedded.tomcat.TomcatWebServer  : Tomcat initialized with port 8083 (http)
2026-04-16T17:40:45.684+05:30  INFO 44364 --- [appointmentservice] [  restartedMain] o.apache.catalina.core.StandardService   : Starting service [Tomcat]
2026-04-16T17:40:45.685+05:30  INFO 44364 --- [appointmentservice] [  restartedMain] o.apache.catalina.core.StandardEngine    : Starting Servlet engine: [Apache Tomcat/10.1.53]
2026-04-16T17:40:45.755+05:30  INFO 44364 --- [appointmentservice] [  restartedMain] o.a.c.c.C.[Tomcat].[localhost].[/]       : Initializing Spring embedded WebApplicationContext
2026-04-16T17:40:45.758+05:30  INFO 44364 --- [appointmentservice] [  restartedMain] w.s.c.ServletWebServerApplicationContext : Root WebApplicationContext: initialization completed in 2029 ms
2026-04-16T17:40:45.959+05:30  INFO 44364 --- [appointmentservice] [  restartedMain] o.hibernate.jpa.internal.util.LogHelper  : HHH000204: Processing PersistenceUnitInfo [name: default]
2026-04-16T17:40:46.037+05:30  INFO 44364 --- [appointmentservice] [  restartedMain] org.hibernate.Version                    : HHH000412: Hibernate ORM core version 6.6.45.Final
2026-04-16T17:40:46.084+05:30  INFO 44364 --- [appointmentservice] [  restartedMain] o.h.c.internal.RegionFactoryInitiator    : HHH000026: Second-level cache disabled
2026-04-16T17:40:46.447+05:30  INFO 44364 --- [appointmentservice] [  restartedMain] o.s.o.j.p.SpringPersistenceUnitInfo      : No LoadTimeWeaver setup: ignoring JPA class transformer
2026-04-16T17:40:46.489+05:30  INFO 44364 --- [appointmentservice] [  restartedMain] com.zaxxer.hikari.HikariDataSource       : HikariPool-1 - Starting...
2026-04-16T17:40:46.736+05:30  INFO 44364 --- [appointmentservice] [  restartedMain] com.zaxxer.hikari.pool.HikariPool        : HikariPool-1 - Added connection org.postgresql.jdbc.PgConnection@15949323
2026-04-16T17:40:46.740+05:30  INFO 44364 --- [appointmentservice] [  restartedMain] com.zaxxer.hikari.HikariDataSource       : HikariPool-1 - Start completed.
2026-04-16T17:40:46.783+05:30  WARN 44364 --- [appointmentservice] [  restartedMain] org.hibernate.orm.deprecation            : HHH90000025: PostgreSQLDialect does not need to be specified explicitly using 'hibernate.dialect' (remove the property setting and it will be selected by default)
2026-04-16T17:40:46.811+05:30  INFO 44364 --- [appointmentservice] [  restartedMain] org.hibernate.orm.connections.pooling    : HHH10001005: Database info:
	Database JDBC URL [Connecting through datasource 'HikariDataSource (HikariPool-1)']
	Database driver: undefined/unknown
	Database version: 17.9
	Autocommit mode: undefined/unknown
	Isolation level: undefined/unknown
	Minimum pool size: undefined/unknown
	Maximum pool size: undefined/unknown
2026-04-16T17:40:48.008+05:30  INFO 44364 --- [appointmentservice] [  restartedMain] o.h.e.t.j.p.i.JtaPlatformInitiator       : HHH000489: No JTA platform available (set 'hibernate.transaction.jta.platform' to enable JTA platform integration)
2026-04-16T17:40:48.085+05:30  INFO 44364 --- [appointmentservice] [  restartedMain] j.LocalContainerEntityManagerFactoryBean : Initialized JPA EntityManagerFactory for persistence unit 'default'
2026-04-16T17:40:48.526+05:30  WARN 44364 --- [appointmentservice] [  restartedMain] JpaBaseConfiguration$JpaWebConfiguration : spring.jpa.open-in-view is enabled by default. Therefore, database queries may be performed during view rendering. Explicitly configure spring.jpa.open-in-view to disable this warning
2026-04-16T17:40:48.967+05:30  INFO 44364 --- [appointmentservice] [  restartedMain] o.s.b.d.a.OptionalLiveReloadServer       : LiveReload server is running on port 35729
2026-04-16T17:40:49.017+05:30  INFO 44364 --- [appointmentservice] [  restartedMain] o.s.b.w.embedded.tomcat.TomcatWebServer  : Tomcat started on port 8083 (http) with context path '/'
2026-04-16T17:40:49.029+05:30  INFO 44364 --- [appointmentservice] [  restartedMain] c.s.a.AppointmentserviceApplication      : Started AppointmentserviceApplication in 5.966 seconds (process running for 6.611)
2026-04-16T17:42:27.928+05:30  INFO 44364 --- [appointmentservice] [nio-8083-exec-2] o.a.c.c.C.[Tomcat].[localhost].[/]       : Initializing Spring DispatcherServlet 'dispatcherServlet'
2026-04-16T17:42:27.929+05:30  INFO 44364 --- [appointmentservice] [nio-8083-exec-2] o.s.web.servlet.DispatcherServlet        : Initializing Servlet 'dispatcherServlet'
2026-04-16T17:42:27.935+05:30  INFO 44364 --- [appointmentservice] [nio-8083-exec-2] o.s.web.servlet.DispatcherServlet        : Completed initialization in 3 ms
Hibernate: 
    select
        a1_0.id,
        a1_0.appointment_date,
        a1_0.appointment_time,
        a1_0.doctor_id,
        a1_0.patient_id,
        a1_0.reason,
        a1_0.status 
    from
        appointments a1_0
Hibernate: 
    select
        a1_0.id,
        a1_0.appointment_date,
        a1_0.appointment_time,
        a1_0.doctor_id,
        a1_0.patient_id,
        a1_0.reason,
        a1_0.status 
    from
        appointments a1_0
Hibernate: 
    select
        a1_0.id,
        a1_0.appointment_date,
        a1_0.appointment_time,
        a1_0.doctor_id,
        a1_0.patient_id,
        a1_0.reason,
        a1_0.status 
    from
        appointments a1_0
Hibernate: 
    insert 
    into
        appointments
        (appointment_date, appointment_time, doctor_id, patient_id, reason, status) 
    values
        (?, ?, ?, ?, ?, ?)
Hibernate: 
    select
        a1_0.id,
        a1_0.appointment_date,
        a1_0.appointment_time,
        a1_0.doctor_id,
        a1_0.patient_id,
        a1_0.reason,
        a1_0.status 
    from
        appointments a1_0
Hibernate: 
    insert 
    into
        appointments
        (appointment_date, appointment_time, doctor_id, patient_id, reason, status) 
    values
        (?, ?, ?, ?, ?, ?)
2026-04-16T17:51:14.145+05:30  INFO 44364 --- [appointmentservice] [   File Watcher] rtingClassPathChangeChangedEventListener : Restarting due to 3 class path changes (3 additions, 0 deletions, 0 modifications)
2026-04-16T17:51:14.155+05:30  INFO 44364 --- [appointmentservice] [       Thread-5] o.s.b.w.e.tomcat.GracefulShutdown        : Commencing graceful shutdown. Waiting for active requests to complete
2026-04-16T17:51:14.568+05:30  INFO 44364 --- [appointmentservice] [tomcat-shutdown] o.s.b.w.e.tomcat.GracefulShutdown        : Graceful shutdown complete
2026-04-16T17:51:14.576+05:30  INFO 44364 --- [appointmentservice] [       Thread-5] j.LocalContainerEntityManagerFactoryBean : Closing JPA EntityManagerFactory for persistence unit 'default'
2026-04-16T17:51:14.585+05:30  INFO 44364 --- [appointmentservice] [       Thread-5] com.zaxxer.hikari.HikariDataSource       : HikariPool-1 - Shutdown initiated...
2026-04-16T17:51:14.594+05:30  INFO 44364 --- [appointmentservice] [       Thread-5] com.zaxxer.hikari.HikariDataSource       : HikariPool-1 - Shutdown completed.

  .   ____          _            __ _ _
 /\\ / ___'_ __ _ _(_)_ __  __ _ \ \ \ \
( ( )\___ | '_ | '_| | '_ \/ _` | \ \ \ \
 \\/  ___)| |_)| | | | | || (_| |  ) ) ) )
  '  |____| .__|_| |_|_| |_\__, | / / / /
 =========|_|==============|___/=/_/_/_/

 :: Spring Boot ::               (v3.5.13)

2026-04-16T17:51:15.284+05:30  INFO 44364 --- [appointmentservice] [  restartedMain] c.s.a.AppointmentserviceApplication      : Starting AppointmentserviceApplication using Java 17.0.12 with PID 44364 (C:\Users\Dinujaya\Documents\GitHub\SyncClinic-Patient-Management-Microservices-Project\appointment-service\target\classes started by Dinujaya in C:\Users\Dinujaya\Documents\GitHub\SyncClinic-Patient-Management-Microservices-Project\appointment-service)
2026-04-16T17:51:15.285+05:30  INFO 44364 --- [appointmentservice] [  restartedMain] c.s.a.AppointmentserviceApplication      : No active profile set, falling back to 1 default profile: "default"
2026-04-16T17:51:16.806+05:30  INFO 44364 --- [appointmentservice] [  restartedMain] .s.d.r.c.RepositoryConfigurationDelegate : Bootstrapping Spring Data JPA repositories in DEFAULT mode.
2026-04-16T17:51:16.938+05:30  INFO 44364 --- [appointmentservice] [  restartedMain] .s.d.r.c.RepositoryConfigurationDelegate : Finished Spring Data repository scanning in 124 ms. Found 2 JPA repository interfaces.
2026-04-16T17:51:17.782+05:30  INFO 44364 --- [appointmentservice] [  restartedMain] o.s.b.w.embedded.tomcat.TomcatWebServer  : Tomcat initialized with port 8083 (http)
2026-04-16T17:51:17.786+05:30  INFO 44364 --- [appointmentservice] [  restartedMain] o.apache.catalina.core.StandardService   : Starting service [Tomcat]
2026-04-16T17:51:17.790+05:30  INFO 44364 --- [appointmentservice] [  restartedMain] o.apache.catalina.core.StandardEngine    : Starting Servlet engine: [Apache Tomcat/10.1.53]
2026-04-16T17:51:17.848+05:30  INFO 44364 --- [appointmentservice] [  restartedMain] o.a.c.c.C.[Tomcat].[localhost].[/]       : Initializing Spring embedded WebApplicationContext
2026-04-16T17:51:17.852+05:30  INFO 44364 --- [appointmentservice] [  restartedMain] w.s.c.ServletWebServerApplicationContext : Root WebApplicationContext: initialization completed in 2540 ms
2026-04-16T17:51:18.049+05:30  INFO 44364 --- [appointmentservice] [  restartedMain] o.hibernate.jpa.internal.util.LogHelper  : HHH000204: Processing PersistenceUnitInfo [name: default]
2026-04-16T17:51:18.058+05:30  INFO 44364 --- [appointmentservice] [  restartedMain] o.h.c.internal.RegionFactoryInitiator    : HHH000026: Second-level cache disabled
2026-04-16T17:51:18.116+05:30  INFO 44364 --- [appointmentservice] [  restartedMain] o.s.o.j.p.SpringPersistenceUnitInfo      : No LoadTimeWeaver setup: ignoring JPA class transformer
2026-04-16T17:51:18.119+05:30  INFO 44364 --- [appointmentservice] [  restartedMain] com.zaxxer.hikari.HikariDataSource       : HikariPool-2 - Starting...
2026-04-16T17:51:18.232+05:30  INFO 44364 --- [appointmentservice] [  restartedMain] com.zaxxer.hikari.pool.HikariPool        : HikariPool-2 - Added connection org.postgresql.jdbc.PgConnection@301482bb
2026-04-16T17:51:18.233+05:30  INFO 44364 --- [appointmentservice] [  restartedMain] com.zaxxer.hikari.HikariDataSource       : HikariPool-2 - Start completed.
2026-04-16T17:51:18.245+05:30  WARN 44364 --- [appointmentservice] [  restartedMain] org.hibernate.orm.deprecation            : HHH90000025: PostgreSQLDialect does not need to be specified explicitly using 'hibernate.dialect' (remove the property setting and it will be selected by default)
2026-04-16T17:51:18.249+05:30  INFO 44364 --- [appointmentservice] [  restartedMain] org.hibernate.orm.connections.pooling    : HHH10001005: Database info:
	Database JDBC URL [Connecting through datasource 'HikariDataSource (HikariPool-2)']
	Database driver: undefined/unknown
	Database version: 17.9
	Autocommit mode: undefined/unknown
	Isolation level: undefined/unknown
	Minimum pool size: undefined/unknown
	Maximum pool size: undefined/unknown
2026-04-16T17:51:18.513+05:30  INFO 44364 --- [appointmentservice] [  restartedMain] o.h.e.t.j.p.i.JtaPlatformInitiator       : HHH000489: No JTA platform available (set 'hibernate.transaction.jta.platform' to enable JTA platform integration)
2026-04-16T17:51:18.700+05:30  INFO 44364 --- [appointmentservice] [  restartedMain] j.LocalContainerEntityManagerFactoryBean : Initialized JPA EntityManagerFactory for persistence unit 'default'
2026-04-16T17:51:18.885+05:30  WARN 44364 --- [appointmentservice] [  restartedMain] JpaBaseConfiguration$JpaWebConfiguration : spring.jpa.open-in-view is enabled by default. Therefore, database queries may be performed during view rendering. Explicitly configure spring.jpa.open-in-view to disable this warning
2026-04-16T17:51:19.133+05:30  INFO 44364 --- [appointmentservice] [  restartedMain] o.s.b.d.a.OptionalLiveReloadServer       : LiveReload server is running on port 35729
2026-04-16T17:51:19.154+05:30  INFO 44364 --- [appointmentservice] [  restartedMain] o.s.b.w.embedded.tomcat.TomcatWebServer  : Tomcat started on port 8083 (http) with context path '/'
2026-04-16T17:51:19.160+05:30  INFO 44364 --- [appointmentservice] [  restartedMain] c.s.a.AppointmentserviceApplication      : Started AppointmentserviceApplication in 4.066 seconds (process running for 636.743)
2026-04-16T17:51:19.164+05:30  INFO 44364 --- [appointmentservice] [  restartedMain] .ConditionEvaluationDeltaLoggingListener : Condition evaluation unchanged
2026-04-16T17:51:20.559+05:30  INFO 44364 --- [appointmentservice] [   File Watcher] rtingClassPathChangeChangedEventListener : Restarting due to 2 class path changes (0 additions, 0 deletions, 2 modifications)
2026-04-16T17:51:20.585+05:30  INFO 44364 --- [appointmentservice] [       Thread-7] o.s.b.w.e.tomcat.GracefulShutdown        : Commencing graceful shutdown. Waiting for active requests to complete
2026-04-16T17:51:21.079+05:30  INFO 44364 --- [appointmentservice] [tomcat-shutdown] o.s.b.w.e.tomcat.GracefulShutdown        : Graceful shutdown complete
2026-04-16T17:51:21.083+05:30  INFO 44364 --- [appointmentservice] [       Thread-7] j.LocalContainerEntityManagerFactoryBean : Closing JPA EntityManagerFactory for persistence unit 'default'
2026-04-16T17:51:21.085+05:30  INFO 44364 --- [appointmentservice] [       Thread-7] com.zaxxer.hikari.HikariDataSource       : HikariPool-2 - Shutdown initiated...
2026-04-16T17:51:21.090+05:30  INFO 44364 --- [appointmentservice] [       Thread-7] com.zaxxer.hikari.HikariDataSource       : HikariPool-2 - Shutdown completed.

  .   ____          _            __ _ _
 /\\ / ___'_ __ _ _(_)_ __  __ _ \ \ \ \
( ( )\___ | '_ | '_| | '_ \/ _` | \ \ \ \
 \\/  ___)| |_)| | | | | || (_| |  ) ) ) )
  '  |____| .__|_| |_|_| |_\__, | / / / /
 =========|_|==============|___/=/_/_/_/

 :: Spring Boot ::               (v3.5.13)

2026-04-16T17:51:21.257+05:30  INFO 44364 --- [appointmentservice] [  restartedMain] c.s.a.AppointmentserviceApplication      : Starting AppointmentserviceApplication using Java 17.0.12 with PID 44364 (C:\Users\Dinujaya\Documents\GitHub\SyncClinic-Patient-Management-Microservices-Project\appointment-service\target\classes started by Dinujaya in C:\Users\Dinujaya\Documents\GitHub\SyncClinic-Patient-Management-Microservices-Project\appointment-service)
2026-04-16T17:51:21.258+05:30  INFO 44364 --- [appointmentservice] [  restartedMain] c.s.a.AppointmentserviceApplication      : No active profile set, falling back to 1 default profile: "default"
2026-04-16T17:51:21.671+05:30  INFO 44364 --- [appointmentservice] [  restartedMain] .s.d.r.c.RepositoryConfigurationDelegate : Bootstrapping Spring Data JPA repositories in DEFAULT mode.
2026-04-16T17:51:21.713+05:30  INFO 44364 --- [appointmentservice] [  restartedMain] .s.d.r.c.RepositoryConfigurationDelegate : Finished Spring Data repository scanning in 36 ms. Found 2 JPA repository interfaces.
2026-04-16T17:51:21.927+05:30  INFO 44364 --- [appointmentservice] [  restartedMain] o.s.b.w.embedded.tomcat.TomcatWebServer  : Tomcat initialized with port 8083 (http)
2026-04-16T17:51:21.930+05:30  INFO 44364 --- [appointmentservice] [  restartedMain] o.apache.catalina.core.StandardService   : Starting service [Tomcat]
2026-04-16T17:51:21.930+05:30  INFO 44364 --- [appointmentservice] [  restartedMain] o.apache.catalina.core.StandardEngine    : Starting Servlet engine: [Apache Tomcat/10.1.53]
2026-04-16T17:51:21.972+05:30  INFO 44364 --- [appointmentservice] [  restartedMain] o.a.c.c.C.[Tomcat].[localhost].[/]       : Initializing Spring embedded WebApplicationContext
2026-04-16T17:51:21.974+05:30  INFO 44364 --- [appointmentservice] [  restartedMain] w.s.c.ServletWebServerApplicationContext : Root WebApplicationContext: initialization completed in 711 ms
2026-04-16T17:51:22.048+05:30  INFO 44364 --- [appointmentservice] [  restartedMain] o.hibernate.jpa.internal.util.LogHelper  : HHH000204: Processing PersistenceUnitInfo [name: default]
2026-04-16T17:51:22.053+05:30  INFO 44364 --- [appointmentservice] [  restartedMain] o.h.c.internal.RegionFactoryInitiator    : HHH000026: Second-level cache disabled
2026-04-16T17:51:22.069+05:30  INFO 44364 --- [appointmentservice] [  restartedMain] o.s.o.j.p.SpringPersistenceUnitInfo      : No LoadTimeWeaver setup: ignoring JPA class transformer
2026-04-16T17:51:22.069+05:30  INFO 44364 --- [appointmentservice] [  restartedMain] com.zaxxer.hikari.HikariDataSource       : HikariPool-3 - Starting...
2026-04-16T17:51:22.124+05:30  INFO 44364 --- [appointmentservice] [  restartedMain] com.zaxxer.hikari.pool.HikariPool        : HikariPool-3 - Added connection org.postgresql.jdbc.PgConnection@7656dc58
2026-04-16T17:51:22.127+05:30  INFO 44364 --- [appointmentservice] [  restartedMain] com.zaxxer.hikari.HikariDataSource       : HikariPool-3 - Start completed.
2026-04-16T17:51:22.136+05:30  WARN 44364 --- [appointmentservice] [  restartedMain] org.hibernate.orm.deprecation            : HHH90000025: PostgreSQLDialect does not need to be specified explicitly using 'hibernate.dialect' (remove the property setting and it will be selected by default)
2026-04-16T17:51:22.139+05:30  INFO 44364 --- [appointmentservice] [  restartedMain] org.hibernate.orm.connections.pooling    : HHH10001005: Database info:
	Database JDBC URL [Connecting through datasource 'HikariDataSource (HikariPool-3)']
	Database driver: undefined/unknown
	Database version: 17.9
	Autocommit mode: undefined/unknown
	Isolation level: undefined/unknown
	Minimum pool size: undefined/unknown
	Maximum pool size: undefined/unknown
2026-04-16T17:51:22.265+05:30  INFO 44364 --- [appointmentservice] [  restartedMain] o.h.e.t.j.p.i.JtaPlatformInitiator       : HHH000489: No JTA platform available (set 'hibernate.transaction.jta.platform' to enable JTA platform integration)
2026-04-16T17:51:22.324+05:30  INFO 44364 --- [appointmentservice] [  restartedMain] j.LocalContainerEntityManagerFactoryBean : Initialized JPA EntityManagerFactory for persistence unit 'default'
2026-04-16T17:51:22.449+05:30  WARN 44364 --- [appointmentservice] [  restartedMain] JpaBaseConfiguration$JpaWebConfiguration : spring.jpa.open-in-view is enabled by default. Therefore, database queries may be performed during view rendering. Explicitly configure spring.jpa.open-in-view to disable this warning
2026-04-16T17:51:22.656+05:30  INFO 44364 --- [appointmentservice] [  restartedMain] o.s.b.d.a.OptionalLiveReloadServer       : LiveReload server is running on port 35729
2026-04-16T17:51:22.681+05:30  INFO 44364 --- [appointmentservice] [  restartedMain] o.s.b.w.embedded.tomcat.TomcatWebServer  : Tomcat started on port 8083 (http) with context path '/'
2026-04-16T17:51:22.694+05:30  INFO 44364 --- [appointmentservice] [  restartedMain] c.s.a.AppointmentserviceApplication      : Started AppointmentserviceApplication in 1.491 seconds (process running for 640.276)
2026-04-16T17:51:22.699+05:30  INFO 44364 --- [appointmentservice] [  restartedMain] .ConditionEvaluationDeltaLoggingListener : Condition evaluation unchanged
2026-04-16T17:51:38.266+05:30  INFO 44364 --- [appointmentservice] [   File Watcher] rtingClassPathChangeChangedEventListener : Restarting due to 2 class path changes (0 additions, 0 deletions, 2 modifications)
2026-04-16T17:51:38.268+05:30  INFO 44364 --- [appointmentservice] [      Thread-11] o.s.b.w.e.tomcat.GracefulShutdown        : Commencing graceful shutdown. Waiting for active requests to complete
2026-04-16T17:51:38.683+05:30  INFO 44364 --- [appointmentservice] [tomcat-shutdown] o.s.b.w.e.tomcat.GracefulShutdown        : Graceful shutdown complete
2026-04-16T17:51:38.686+05:30  INFO 44364 --- [appointmentservice] [      Thread-11] j.LocalContainerEntityManagerFactoryBean : Closing JPA EntityManagerFactory for persistence unit 'default'
2026-04-16T17:51:38.688+05:30  INFO 44364 --- [appointmentservice] [      Thread-11] com.zaxxer.hikari.HikariDataSource       : HikariPool-3 - Shutdown initiated...
2026-04-16T17:51:38.700+05:30  INFO 44364 --- [appointmentservice] [      Thread-11] com.zaxxer.hikari.HikariDataSource       : HikariPool-3 - Shutdown completed.

  .   ____          _            __ _ _
 /\\ / ___'_ __ _ _(_)_ __  __ _ \ \ \ \
( ( )\___ | '_ | '_| | '_ \/ _` | \ \ \ \
 \\/  ___)| |_)| | | | | || (_| |  ) ) ) )
  '  |____| .__|_| |_|_| |_\__, | / / / /
 =========|_|==============|___/=/_/_/_/

 :: Spring Boot ::               (v3.5.13)

2026-04-16T17:51:38.872+05:30  INFO 44364 --- [appointmentservice] [  restartedMain] c.s.a.AppointmentserviceApplication      : Starting AppointmentserviceApplication using Java 17.0.12 with PID 44364 (C:\Users\Dinujaya\Documents\GitHub\SyncClinic-Patient-Management-Microservices-Project\appointment-service\target\classes started by Dinujaya in C:\Users\Dinujaya\Documents\GitHub\SyncClinic-Patient-Management-Microservices-Project\appointment-service)
2026-04-16T17:51:38.873+05:30  INFO 44364 --- [appointmentservice] [  restartedMain] c.s.a.AppointmentserviceApplication      : No active profile set, falling back to 1 default profile: "default"
2026-04-16T17:51:39.233+05:30  INFO 44364 --- [appointmentservice] [  restartedMain] .s.d.r.c.RepositoryConfigurationDelegate : Bootstrapping Spring Data JPA repositories in DEFAULT mode.
2026-04-16T17:51:39.260+05:30  INFO 44364 --- [appointmentservice] [  restartedMain] .s.d.r.c.RepositoryConfigurationDelegate : Finished Spring Data repository scanning in 21 ms. Found 2 JPA repository interfaces.
2026-04-16T17:51:39.430+05:30  INFO 44364 --- [appointmentservice] [  restartedMain] o.s.b.w.embedded.tomcat.TomcatWebServer  : Tomcat initialized with port 8083 (http)
2026-04-16T17:51:39.435+05:30  INFO 44364 --- [appointmentservice] [  restartedMain] o.apache.catalina.core.StandardService   : Starting service [Tomcat]
2026-04-16T17:51:39.435+05:30  INFO 44364 --- [appointmentservice] [  restartedMain] o.apache.catalina.core.StandardEngine    : Starting Servlet engine: [Apache Tomcat/10.1.53]
2026-04-16T17:51:39.467+05:30  INFO 44364 --- [appointmentservice] [  restartedMain] o.a.c.c.C.[Tomcat].[localhost].[/]       : Initializing Spring embedded WebApplicationContext
2026-04-16T17:51:39.468+05:30  INFO 44364 --- [appointmentservice] [  restartedMain] w.s.c.ServletWebServerApplicationContext : Root WebApplicationContext: initialization completed in 590 ms
2026-04-16T17:51:39.527+05:30  INFO 44364 --- [appointmentservice] [  restartedMain] o.hibernate.jpa.internal.util.LogHelper  : HHH000204: Processing PersistenceUnitInfo [name: default]
2026-04-16T17:51:39.534+05:30  INFO 44364 --- [appointmentservice] [  restartedMain] o.h.c.internal.RegionFactoryInitiator    : HHH000026: Second-level cache disabled
2026-04-16T17:51:39.550+05:30  INFO 44364 --- [appointmentservice] [  restartedMain] o.s.o.j.p.SpringPersistenceUnitInfo      : No LoadTimeWeaver setup: ignoring JPA class transformer
2026-04-16T17:51:39.552+05:30  INFO 44364 --- [appointmentservice] [  restartedMain] com.zaxxer.hikari.HikariDataSource       : HikariPool-4 - Starting...
2026-04-16T17:51:39.719+05:30  INFO 44364 --- [appointmentservice] [  restartedMain] com.zaxxer.hikari.pool.HikariPool        : HikariPool-4 - Added connection org.postgresql.jdbc.PgConnection@4b0b65f0
2026-04-16T17:51:39.720+05:30  INFO 44364 --- [appointmentservice] [  restartedMain] com.zaxxer.hikari.HikariDataSource       : HikariPool-4 - Start completed.
2026-04-16T17:51:39.728+05:30  WARN 44364 --- [appointmentservice] [  restartedMain] org.hibernate.orm.deprecation            : HHH90000025: PostgreSQLDialect does not need to be specified explicitly using 'hibernate.dialect' (remove the property setting and it will be selected by default)
2026-04-16T17:51:39.732+05:30  INFO 44364 --- [appointmentservice] [  restartedMain] org.hibernate.orm.connections.pooling    : HHH10001005: Database info:
	Database JDBC URL [Connecting through datasource 'HikariDataSource (HikariPool-4)']
	Database driver: undefined/unknown
	Database version: 17.9
	Autocommit mode: undefined/unknown
	Isolation level: undefined/unknown
	Minimum pool size: undefined/unknown
	Maximum pool size: undefined/unknown
2026-04-16T17:51:39.852+05:30  INFO 44364 --- [appointmentservice] [  restartedMain] o.h.e.t.j.p.i.JtaPlatformInitiator       : HHH000489: No JTA platform available (set 'hibernate.transaction.jta.platform' to enable JTA platform integration)
2026-04-16T17:51:39.929+05:30  INFO 44364 --- [appointmentservice] [  restartedMain] j.LocalContainerEntityManagerFactoryBean : Initialized JPA EntityManagerFactory for persistence unit 'default'
2026-04-16T17:51:40.051+05:30  WARN 44364 --- [appointmentservice] [  restartedMain] JpaBaseConfiguration$JpaWebConfiguration : spring.jpa.open-in-view is enabled by default. Therefore, database queries may be performed during view rendering. Explicitly configure spring.jpa.open-in-view to disable this warning
2026-04-16T17:51:40.225+05:30  INFO 44364 --- [appointmentservice] [  restartedMain] o.s.b.d.a.OptionalLiveReloadServer       : LiveReload server is running on port 35729
2026-04-16T17:51:40.246+05:30  INFO 44364 --- [appointmentservice] [  restartedMain] o.s.b.w.embedded.tomcat.TomcatWebServer  : Tomcat started on port 8083 (http) with context path '/'
2026-04-16T17:51:40.253+05:30  INFO 44364 --- [appointmentservice] [  restartedMain] c.s.a.AppointmentserviceApplication      : Started AppointmentserviceApplication in 1.451 seconds (process running for 657.835)
2026-04-16T17:51:40.256+05:30  INFO 44364 --- [appointmentservice] [  restartedMain] .ConditionEvaluationDeltaLoggingListener : Condition evaluation unchanged
2026-04-16T17:51:50.833+05:30  INFO 44364 --- [appointmentservice] [   File Watcher] rtingClassPathChangeChangedEventListener : Restarting due to 1 class path change (0 additions, 0 deletions, 1 modification)
2026-04-16T17:51:50.852+05:30  INFO 44364 --- [appointmentservice] [      Thread-15] o.s.b.w.e.tomcat.GracefulShutdown        : Commencing graceful shutdown. Waiting for active requests to complete
2026-04-16T17:51:51.316+05:30  INFO 44364 --- [appointmentservice] [tomcat-shutdown] o.s.b.w.e.tomcat.GracefulShutdown        : Graceful shutdown complete
2026-04-16T17:51:51.319+05:30  INFO 44364 --- [appointmentservice] [      Thread-15] j.LocalContainerEntityManagerFactoryBean : Closing JPA EntityManagerFactory for persistence unit 'default'
2026-04-16T17:51:51.322+05:30  INFO 44364 --- [appointmentservice] [      Thread-15] com.zaxxer.hikari.HikariDataSource       : HikariPool-4 - Shutdown initiated...
2026-04-16T17:51:51.326+05:30  INFO 44364 --- [appointmentservice] [      Thread-15] com.zaxxer.hikari.HikariDataSource       : HikariPool-4 - Shutdown completed.

  .   ____          _            __ _ _
 /\\ / ___'_ __ _ _(_)_ __  __ _ \ \ \ \
( ( )\___ | '_ | '_| | '_ \/ _` | \ \ \ \
 \\/  ___)| |_)| | | | | || (_| |  ) ) ) )
  '  |____| .__|_| |_|_| |_\__, | / / / /
 =========|_|==============|___/=/_/_/_/

 :: Spring Boot ::               (v3.5.13)

2026-04-16T17:51:51.478+05:30  INFO 44364 --- [appointmentservice] [  restartedMain] c.s.a.AppointmentserviceApplication      : Starting AppointmentserviceApplication using Java 17.0.12 with PID 44364 (C:\Users\Dinujaya\Documents\GitHub\SyncClinic-Patient-Management-Microservices-Project\appointment-service\target\classes started by Dinujaya in C:\Users\Dinujaya\Documents\GitHub\SyncClinic-Patient-Management-Microservices-Project\appointment-service)
2026-04-16T17:51:51.480+05:30  INFO 44364 --- [appointmentservice] [  restartedMain] c.s.a.AppointmentserviceApplication      : No active profile set, falling back to 1 default profile: "default"
2026-04-16T17:51:51.854+05:30  INFO 44364 --- [appointmentservice] [  restartedMain] .s.d.r.c.RepositoryConfigurationDelegate : Bootstrapping Spring Data JPA repositories in DEFAULT mode.
2026-04-16T17:51:51.893+05:30  INFO 44364 --- [appointmentservice] [  restartedMain] .s.d.r.c.RepositoryConfigurationDelegate : Finished Spring Data repository scanning in 20 ms. Found 2 JPA repository interfaces.
2026-04-16T17:51:52.078+05:30  INFO 44364 --- [appointmentservice] [  restartedMain] o.s.b.w.embedded.tomcat.TomcatWebServer  : Tomcat initialized with port 8083 (http)
2026-04-16T17:51:52.094+05:30  INFO 44364 --- [appointmentservice] [  restartedMain] o.apache.catalina.core.StandardService   : Starting service [Tomcat]
2026-04-16T17:51:52.095+05:30  INFO 44364 --- [appointmentservice] [  restartedMain] o.apache.catalina.core.StandardEngine    : Starting Servlet engine: [Apache Tomcat/10.1.53]
2026-04-16T17:51:52.164+05:30  INFO 44364 --- [appointmentservice] [  restartedMain] o.a.c.c.C.[Tomcat].[localhost].[/]       : Initializing Spring embedded WebApplicationContext
2026-04-16T17:51:52.166+05:30  INFO 44364 --- [appointmentservice] [  restartedMain] w.s.c.ServletWebServerApplicationContext : Root WebApplicationContext: initialization completed in 681 ms
2026-04-16T17:51:52.267+05:30  INFO 44364 --- [appointmentservice] [  restartedMain] o.hibernate.jpa.internal.util.LogHelper  : HHH000204: Processing PersistenceUnitInfo [name: default]
2026-04-16T17:51:52.286+05:30  INFO 44364 --- [appointmentservice] [  restartedMain] o.h.c.internal.RegionFactoryInitiator    : HHH000026: Second-level cache disabled
2026-04-16T17:51:52.303+05:30  INFO 44364 --- [appointmentservice] [  restartedMain] o.s.o.j.p.SpringPersistenceUnitInfo      : No LoadTimeWeaver setup: ignoring JPA class transformer
2026-04-16T17:51:52.311+05:30  INFO 44364 --- [appointmentservice] [  restartedMain] com.zaxxer.hikari.HikariDataSource       : HikariPool-5 - Starting...
2026-04-16T17:51:52.489+05:30  INFO 44364 --- [appointmentservice] [  restartedMain] com.zaxxer.hikari.pool.HikariPool        : HikariPool-5 - Added connection org.postgresql.jdbc.PgConnection@287d2711
2026-04-16T17:51:52.491+05:30  INFO 44364 --- [appointmentservice] [  restartedMain] com.zaxxer.hikari.HikariDataSource       : HikariPool-5 - Start completed.
2026-04-16T17:51:52.499+05:30  WARN 44364 --- [appointmentservice] [  restartedMain] org.hibernate.orm.deprecation            : HHH90000025: PostgreSQLDialect does not need to be specified explicitly using 'hibernate.dialect' (remove the property setting and it will be selected by default)
2026-04-16T17:51:52.502+05:30  INFO 44364 --- [appointmentservice] [  restartedMain] org.hibernate.orm.connections.pooling    : HHH10001005: Database info:
	Database JDBC URL [Connecting through datasource 'HikariDataSource (HikariPool-5)']
	Database driver: undefined/unknown
	Database version: 17.9
	Autocommit mode: undefined/unknown
	Isolation level: undefined/unknown
	Minimum pool size: undefined/unknown
	Maximum pool size: undefined/unknown
2026-04-16T17:51:52.613+05:30  INFO 44364 --- [appointmentservice] [  restartedMain] o.h.e.t.j.p.i.JtaPlatformInitiator       : HHH000489: No JTA platform available (set 'hibernate.transaction.jta.platform' to enable JTA platform integration)
2026-04-16T17:51:52.664+05:30  INFO 44364 --- [appointmentservice] [  restartedMain] j.LocalContainerEntityManagerFactoryBean : Initialized JPA EntityManagerFactory for persistence unit 'default'
2026-04-16T17:51:52.793+05:30  WARN 44364 --- [appointmentservice] [  restartedMain] JpaBaseConfiguration$JpaWebConfiguration : spring.jpa.open-in-view is enabled by default. Therefore, database queries may be performed during view rendering. Explicitly configure spring.jpa.open-in-view to disable this warning
2026-04-16T17:51:52.964+05:30  INFO 44364 --- [appointmentservice] [  restartedMain] o.s.b.d.a.OptionalLiveReloadServer       : LiveReload server is running on port 35729
2026-04-16T17:51:52.980+05:30  INFO 44364 --- [appointmentservice] [  restartedMain] o.s.b.w.embedded.tomcat.TomcatWebServer  : Tomcat started on port 8083 (http) with context path '/'
2026-04-16T17:51:52.988+05:30  INFO 44364 --- [appointmentservice] [  restartedMain] c.s.a.AppointmentserviceApplication      : Started AppointmentserviceApplication in 1.56 seconds (process running for 670.571)
2026-04-16T17:51:52.992+05:30  INFO 44364 --- [appointmentservice] [  restartedMain] .ConditionEvaluationDeltaLoggingListener : Condition evaluation unchanged
2026-04-16T17:52:33.046+05:30  INFO 44364 --- [appointmentservice] [   File Watcher] rtingClassPathChangeChangedEventListener : Restarting due to 7 class path changes (0 additions, 7 deletions, 0 modifications)
2026-04-16T17:52:33.050+05:30  INFO 44364 --- [appointmentservice] [      Thread-19] o.s.b.w.e.tomcat.GracefulShutdown        : Commencing graceful shutdown. Waiting for active requests to complete
2026-04-16T17:52:33.475+05:30  INFO 44364 --- [appointmentservice] [tomcat-shutdown] o.s.b.w.e.tomcat.GracefulShutdown        : Graceful shutdown complete
2026-04-16T17:52:33.480+05:30  INFO 44364 --- [appointmentservice] [      Thread-19] j.LocalContainerEntityManagerFactoryBean : Closing JPA EntityManagerFactory for persistence unit 'default'
2026-04-16T17:52:33.482+05:30  INFO 44364 --- [appointmentservice] [      Thread-19] com.zaxxer.hikari.HikariDataSource       : HikariPool-5 - Shutdown initiated...
2026-04-16T17:52:33.500+05:30  INFO 44364 --- [appointmentservice] [      Thread-19] com.zaxxer.hikari.HikariDataSource       : HikariPool-5 - Shutdown completed.

  .   ____          _            __ _ _
 /\\ / ___'_ __ _ _(_)_ __  __ _ \ \ \ \
( ( )\___ | '_ | '_| | '_ \/ _` | \ \ \ \
 \\/  ___)| |_)| | | | | || (_| |  ) ) ) )
  '  |____| .__|_| |_|_| |_\__, | / / / /
 =========|_|==============|___/=/_/_/_/

 :: Spring Boot ::               (v3.5.13)

2026-04-16T17:52:33.702+05:30  INFO 44364 --- [appointmentservice] [  restartedMain] c.s.a.AppointmentserviceApplication      : Starting AppointmentserviceApplication using Java 17.0.12 with PID 44364 (C:\Users\Dinujaya\Documents\GitHub\SyncClinic-Patient-Management-Microservices-Project\appointment-service\target\classes started by Dinujaya in C:\Users\Dinujaya\Documents\GitHub\SyncClinic-Patient-Management-Microservices-Project\appointment-service)
2026-04-16T17:52:33.704+05:30  INFO 44364 --- [appointmentservice] [  restartedMain] c.s.a.AppointmentserviceApplication      : No active profile set, falling back to 1 default profile: "default"
2026-04-16T17:52:34.196+05:30  INFO 44364 --- [appointmentservice] [  restartedMain] .s.d.r.c.RepositoryConfigurationDelegate : Bootstrapping Spring Data JPA repositories in DEFAULT mode.
2026-04-16T17:52:34.213+05:30  INFO 44364 --- [appointmentservice] [  restartedMain] .s.d.r.c.RepositoryConfigurationDelegate : Finished Spring Data repository scanning in 16 ms. Found 1 JPA repository interface.
2026-04-16T17:52:34.471+05:30  INFO 44364 --- [appointmentservice] [  restartedMain] o.s.b.w.embedded.tomcat.TomcatWebServer  : Tomcat initialized with port 8083 (http)
2026-04-16T17:52:34.474+05:30  INFO 44364 --- [appointmentservice] [  restartedMain] o.apache.catalina.core.StandardService   : Starting service [Tomcat]
2026-04-16T17:52:34.475+05:30  INFO 44364 --- [appointmentservice] [  restartedMain] o.apache.catalina.core.StandardEngine    : Starting Servlet engine: [Apache Tomcat/10.1.53]
2026-04-16T17:52:34.523+05:30  INFO 44364 --- [appointmentservice] [  restartedMain] o.a.c.c.C.[Tomcat].[localhost].[/]       : Initializing Spring embedded WebApplicationContext
2026-04-16T17:52:34.526+05:30  INFO 44364 --- [appointmentservice] [  restartedMain] w.s.c.ServletWebServerApplicationContext : Root WebApplicationContext: initialization completed in 816 ms
2026-04-16T17:52:34.628+05:30  INFO 44364 --- [appointmentservice] [  restartedMain] o.hibernate.jpa.internal.util.LogHelper  : HHH000204: Processing PersistenceUnitInfo [name: default]
2026-04-16T17:52:34.669+05:30  INFO 44364 --- [appointmentservice] [  restartedMain] o.h.c.internal.RegionFactoryInitiator    : HHH000026: Second-level cache disabled
2026-04-16T17:52:34.756+05:30  INFO 44364 --- [appointmentservice] [  restartedMain] o.s.o.j.p.SpringPersistenceUnitInfo      : No LoadTimeWeaver setup: ignoring JPA class transformer
2026-04-16T17:52:34.783+05:30  INFO 44364 --- [appointmentservice] [  restartedMain] com.zaxxer.hikari.HikariDataSource       : HikariPool-6 - Starting...
2026-04-16T17:52:35.025+05:30  INFO 44364 --- [appointmentservice] [  restartedMain] com.zaxxer.hikari.pool.HikariPool        : HikariPool-6 - Added connection org.postgresql.jdbc.PgConnection@45698cd4
2026-04-16T17:52:35.031+05:30  INFO 44364 --- [appointmentservice] [  restartedMain] com.zaxxer.hikari.HikariDataSource       : HikariPool-6 - Start completed.
2026-04-16T17:52:35.044+05:30  WARN 44364 --- [appointmentservice] [  restartedMain] org.hibernate.orm.deprecation            : HHH90000025: PostgreSQLDialect does not need to be specified explicitly using 'hibernate.dialect' (remove the property setting and it will be selected by default)
2026-04-16T17:52:35.049+05:30  INFO 44364 --- [appointmentservice] [  restartedMain] org.hibernate.orm.connections.pooling    : HHH10001005: Database info:
	Database JDBC URL [Connecting through datasource 'HikariDataSource (HikariPool-6)']
	Database driver: undefined/unknown
	Database version: 17.9
	Autocommit mode: undefined/unknown
	Isolation level: undefined/unknown
	Minimum pool size: undefined/unknown
	Maximum pool size: undefined/unknown
2026-04-16T17:52:35.107+05:30  WARN 44364 --- [appointmentservice] [  restartedMain] ConfigServletWebServerApplicationContext : Exception encountered during context initialization - cancelling refresh attempt: org.springframework.beans.factory.BeanCreationException: Error creating bean with name 'entityManagerFactory' defined in class path resource [org/springframework/boot/autoconfigure/orm/jpa/HibernateJpaConfiguration.class]: com/syncclinic/appointmentservice/model/AppointmentStatus
2026-04-16T17:52:35.112+05:30  INFO 44364 --- [appointmentservice] [  restartedMain] com.zaxxer.hikari.HikariDataSource       : HikariPool-6 - Shutdown initiated...
2026-04-16T17:52:35.121+05:30  INFO 44364 --- [appointmentservice] [  restartedMain] com.zaxxer.hikari.HikariDataSource       : HikariPool-6 - Shutdown completed.
2026-04-16T17:52:35.123+05:30  INFO 44364 --- [appointmentservice] [  restartedMain] o.apache.catalina.core.StandardService   : Stopping service [Tomcat]
2026-04-16T17:52:35.150+05:30  INFO 44364 --- [appointmentservice] [  restartedMain] .s.b.a.l.ConditionEvaluationReportLogger : 

Error starting ApplicationContext. To display the condition evaluation report re-run your application with 'debug' enabled.
2026-04-16T17:52:35.267+05:30 ERROR 44364 --- [appointmentservice] [  restartedMain] o.s.boot.SpringApplication               : Application run failed

org.springframework.beans.factory.BeanCreationException: Error creating bean with name 'entityManagerFactory' defined in class path resource [org/springframework/boot/autoconfigure/orm/jpa/HibernateJpaConfiguration.class]: com/syncclinic/appointmentservice/model/AppointmentStatus
	at org.springframework.beans.factory.support.AbstractAutowireCapableBeanFactory.initializeBean(AbstractAutowireCapableBeanFactory.java:1826) ~[spring-beans-6.2.17.jar:6.2.17]
	at org.springframework.beans.factory.support.AbstractAutowireCapableBeanFactory.doCreateBean(AbstractAutowireCapableBeanFactory.java:607) ~[spring-beans-6.2.17.jar:6.2.17]
	at org.springframework.beans.factory.support.AbstractAutowireCapableBeanFactory.createBean(AbstractAutowireCapableBeanFactory.java:529) ~[spring-beans-6.2.17.jar:6.2.17]
	at org.springframework.beans.factory.support.AbstractBeanFactory.lambda$doGetBean$0(AbstractBeanFactory.java:339) ~[spring-beans-6.2.17.jar:6.2.17]
	at org.springframework.beans.factory.support.DefaultSingletonBeanRegistry.getSingleton(DefaultSingletonBeanRegistry.java:373) ~[spring-beans-6.2.17.jar:6.2.17]
	at org.springframework.beans.factory.support.AbstractBeanFactory.doGetBean(AbstractBeanFactory.java:337) ~[spring-beans-6.2.17.jar:6.2.17]
	at org.springframework.beans.factory.support.AbstractBeanFactory.getBean(AbstractBeanFactory.java:207) ~[spring-beans-6.2.17.jar:6.2.17]
	at org.springframework.context.support.AbstractApplicationContext.finishBeanFactoryInitialization(AbstractApplicationContext.java:974) ~[spring-context-6.2.17.jar:6.2.17]
	at org.springframework.context.support.AbstractApplicationContext.refresh(AbstractApplicationContext.java:628) ~[spring-context-6.2.17.jar:6.2.17]
	at org.springframework.boot.web.servlet.context.ServletWebServerApplicationContext.refresh(ServletWebServerApplicationContext.java:146) ~[spring-boot-3.5.13.jar:3.5.13]
	at org.springframework.boot.SpringApplication.refresh(SpringApplication.java:752) ~[spring-boot-3.5.13.jar:3.5.13]
	at org.springframework.boot.SpringApplication.refreshContext(SpringApplication.java:439) ~[spring-boot-3.5.13.jar:3.5.13]
	at org.springframework.boot.SpringApplication.run(SpringApplication.java:318) ~[spring-boot-3.5.13.jar:3.5.13]
	at org.springframework.boot.SpringApplication.run(SpringApplication.java:1361) ~[spring-boot-3.5.13.jar:3.5.13]
	at org.springframework.boot.SpringApplication.run(SpringApplication.java:1350) ~[spring-boot-3.5.13.jar:3.5.13]
	at com.syncclinic.appointmentservice.AppointmentserviceApplication.main(AppointmentserviceApplication.java:11) ~[classes/:na]
	at java.base/jdk.internal.reflect.NativeMethodAccessorImpl.invoke0(Native Method) ~[na:na]
	at java.base/jdk.internal.reflect.NativeMethodAccessorImpl.invoke(NativeMethodAccessorImpl.java:77) ~[na:na]
	at java.base/jdk.internal.reflect.DelegatingMethodAccessorImpl.invoke(DelegatingMethodAccessorImpl.java:43) ~[na:na]
	at java.base/java.lang.reflect.Method.invoke(Method.java:568) ~[na:na]
	at org.springframework.boot.devtools.restart.RestartLauncher.run(RestartLauncher.java:50) ~[spring-boot-devtools-3.5.13.jar:3.5.13]
Caused by: java.lang.NoClassDefFoundError: com/syncclinic/appointmentservice/model/AppointmentStatus
	at java.base/java.lang.Class.getDeclaredMethods0(Native Method) ~[na:na]
	at java.base/java.lang.Class.privateGetDeclaredMethods(Class.java:3402) ~[na:na]
	at java.base/java.lang.Class.getDeclaredMethods(Class.java:2504) ~[na:na]
	at org.hibernate.annotations.common.reflection.java.JavaXClass.getDeclaredMethodProperties(JavaXClass.java:134) ~[hibernate-commons-annotations-7.0.3.Final.jar:7.0.3.Final]
	at org.hibernate.annotations.common.reflection.java.JavaXClass.getDeclaredProperties(JavaXClass.java:172) ~[hibernate-commons-annotations-7.0.3.Final.jar:7.0.3.Final]
	at org.hibernate.annotations.common.reflection.java.JavaXClass.getDeclaredProperties(JavaXClass.java:164) ~[hibernate-commons-annotations-7.0.3.Final.jar:7.0.3.Final]
	at org.hibernate.boot.model.internal.InheritanceState.determineDefaultAccessType(InheritanceState.java:269) ~[hibernate-core-6.6.45.Final.jar:6.6.45.Final]
	at org.hibernate.boot.model.internal.InheritanceState.getElementsToProcess(InheritanceState.java:226) ~[hibernate-core-6.6.45.Final.jar:6.6.45.Final]
	at org.hibernate.boot.model.internal.InheritanceState.postProcess(InheritanceState.java:162) ~[hibernate-core-6.6.45.Final.jar:6.6.45.Final]
	at org.hibernate.boot.model.internal.EntityBinder.handleIdentifier(EntityBinder.java:410) ~[hibernate-core-6.6.45.Final.jar:6.6.45.Final]
	at org.hibernate.boot.model.internal.EntityBinder.bindEntityClass(EntityBinder.java:251) ~[hibernate-core-6.6.45.Final.jar:6.6.45.Final]
	at org.hibernate.boot.model.internal.AnnotationBinder.bindClass(AnnotationBinder.java:404) ~[hibernate-core-6.6.45.Final.jar:6.6.45.Final]
	at org.hibernate.boot.model.source.internal.annotations.AnnotationMetadataSourceProcessorImpl.processEntityHierarchies(AnnotationMetadataSourceProcessorImpl.java:266) ~[hibernate-core-6.6.45.Final.jar:6.6.45.Final]
	at org.hibernate.boot.model.process.spi.MetadataBuildingProcess$1.processEntityHierarchies(MetadataBuildingProcess.java:281) ~[hibernate-core-6.6.45.Final.jar:6.6.45.Final]
	at org.hibernate.boot.model.process.spi.MetadataBuildingProcess.complete(MetadataBuildingProcess.java:324) ~[hibernate-core-6.6.45.Final.jar:6.6.45.Final]
	at org.hibernate.jpa.boot.internal.EntityManagerFactoryBuilderImpl.metadata(EntityManagerFactoryBuilderImpl.java:1442) ~[hibernate-core-6.6.45.Final.jar:6.6.45.Final]
	at org.hibernate.jpa.boot.internal.EntityManagerFactoryBuilderImpl.build(EntityManagerFactoryBuilderImpl.java:1513) ~[hibernate-core-6.6.45.Final.jar:6.6.45.Final]
	at org.springframework.orm.jpa.vendor.SpringHibernateJpaPersistenceProvider.createContainerEntityManagerFactory(SpringHibernateJpaPersistenceProvider.java:66) ~[spring-orm-6.2.17.jar:6.2.17]
	at org.springframework.orm.jpa.LocalContainerEntityManagerFactoryBean.createNativeEntityManagerFactory(LocalContainerEntityManagerFactoryBean.java:388) ~[spring-orm-6.2.17.jar:6.2.17]
	at org.springframework.orm.jpa.AbstractEntityManagerFactoryBean.buildNativeEntityManagerFactory(AbstractEntityManagerFactoryBean.java:419) ~[spring-orm-6.2.17.jar:6.2.17]
	at org.springframework.orm.jpa.AbstractEntityManagerFactoryBean.afterPropertiesSet(AbstractEntityManagerFactoryBean.java:400) ~[spring-orm-6.2.17.jar:6.2.17]
	at org.springframework.orm.jpa.LocalContainerEntityManagerFactoryBean.afterPropertiesSet(LocalContainerEntityManagerFactoryBean.java:364) ~[spring-orm-6.2.17.jar:6.2.17]
	at org.springframework.beans.factory.support.AbstractAutowireCapableBeanFactory.invokeInitMethods(AbstractAutowireCapableBeanFactory.java:1873) ~[spring-beans-6.2.17.jar:6.2.17]
	at org.springframework.beans.factory.support.AbstractAutowireCapableBeanFactory.initializeBean(AbstractAutowireCapableBeanFactory.java:1822) ~[spring-beans-6.2.17.jar:6.2.17]
	... 20 common frames omitted
Caused by: java.lang.ClassNotFoundException: com.syncclinic.appointmentservice.model.AppointmentStatus
	at java.base/jdk.internal.loader.BuiltinClassLoader.loadClass(BuiltinClassLoader.java:641) ~[na:na]
	at java.base/jdk.internal.loader.ClassLoaders$AppClassLoader.loadClass(ClassLoaders.java:188) ~[na:na]
	at java.base/java.lang.ClassLoader.loadClass(ClassLoader.java:525) ~[na:na]
	at java.base/java.lang.Class.forName0(Native Method) ~[na:na]
	at java.base/java.lang.Class.forName(Class.java:467) ~[na:na]
	at org.springframework.boot.devtools.restart.classloader.RestartClassLoader.loadClass(RestartClassLoader.java:121) ~[spring-boot-devtools-3.5.13.jar:3.5.13]
	at java.base/java.lang.ClassLoader.loadClass(ClassLoader.java:525) ~[na:na]
	... 44 common frames omitted


  .   ____          _            __ _ _
 /\\ / ___'_ __ _ _(_)_ __  __ _ \ \ \ \
( ( )\___ | '_ | '_| | '_ \/ _` | \ \ \ \
 \\/  ___)| |_)| | | | | || (_| |  ) ) ) )
  '  |____| .__|_| |_|_| |_\__, | / / / /
 =========|_|==============|___/=/_/_/_/

 :: Spring Boot ::               (v3.5.13)

2026-04-16T17:52:36.786+05:30  INFO 44364 --- [appointmentservice] [  restartedMain] c.s.a.AppointmentserviceApplication      : Starting AppointmentserviceApplication using Java 17.0.12 with PID 44364 (C:\Users\Dinujaya\Documents\GitHub\SyncClinic-Patient-Management-Microservices-Project\appointment-service\target\classes started by Dinujaya in C:\Users\Dinujaya\Documents\GitHub\SyncClinic-Patient-Management-Microservices-Project\appointment-service)
2026-04-16T17:52:36.788+05:30  INFO 44364 --- [appointmentservice] [  restartedMain] c.s.a.AppointmentserviceApplication      : No active profile set, falling back to 1 default profile: "default"
2026-04-16T17:52:37.215+05:30  INFO 44364 --- [appointmentservice] [  restartedMain] .s.d.r.c.RepositoryConfigurationDelegate : Bootstrapping Spring Data JPA repositories in DEFAULT mode.
2026-04-16T17:52:37.262+05:30  INFO 44364 --- [appointmentservice] [  restartedMain] .s.d.r.c.RepositoryConfigurationDelegate : Finished Spring Data repository scanning in 43 ms. Found 2 JPA repository interfaces.
2026-04-16T17:52:37.467+05:30  INFO 44364 --- [appointmentservice] [  restartedMain] o.s.b.w.embedded.tomcat.TomcatWebServer  : Tomcat initialized with port 8083 (http)
2026-04-16T17:52:37.470+05:30  INFO 44364 --- [appointmentservice] [  restartedMain] o.apache.catalina.core.StandardService   : Starting service [Tomcat]
2026-04-16T17:52:37.471+05:30  INFO 44364 --- [appointmentservice] [  restartedMain] o.apache.catalina.core.StandardEngine    : Starting Servlet engine: [Apache Tomcat/10.1.53]
2026-04-16T17:52:37.500+05:30  INFO 44364 --- [appointmentservice] [  restartedMain] o.a.c.c.C.[Tomcat-1].[localhost].[/]     : Initializing Spring embedded WebApplicationContext
2026-04-16T17:52:37.502+05:30  INFO 44364 --- [appointmentservice] [  restartedMain] w.s.c.ServletWebServerApplicationContext : Root WebApplicationContext: initialization completed in 710 ms
2026-04-16T17:52:37.547+05:30  INFO 44364 --- [appointmentservice] [  restartedMain] o.hibernate.jpa.internal.util.LogHelper  : HHH000204: Processing PersistenceUnitInfo [name: default]
2026-04-16T17:52:37.549+05:30  INFO 44364 --- [appointmentservice] [  restartedMain] o.h.c.internal.RegionFactoryInitiator    : HHH000026: Second-level cache disabled
2026-04-16T17:52:37.559+05:30  INFO 44364 --- [appointmentservice] [  restartedMain] o.s.o.j.p.SpringPersistenceUnitInfo      : No LoadTimeWeaver setup: ignoring JPA class transformer
2026-04-16T17:52:37.562+05:30  INFO 44364 --- [appointmentservice] [  restartedMain] com.zaxxer.hikari.HikariDataSource       : HikariPool-7 - Starting...
2026-04-16T17:52:37.620+05:30  INFO 44364 --- [appointmentservice] [  restartedMain] com.zaxxer.hikari.pool.HikariPool        : HikariPool-7 - Added connection org.postgresql.jdbc.PgConnection@4b671507
2026-04-16T17:52:37.622+05:30  INFO 44364 --- [appointmentservice] [  restartedMain] com.zaxxer.hikari.HikariDataSource       : HikariPool-7 - Start completed.
2026-04-16T17:52:37.633+05:30  WARN 44364 --- [appointmentservice] [  restartedMain] org.hibernate.orm.deprecation            : HHH90000025: PostgreSQLDialect does not need to be specified explicitly using 'hibernate.dialect' (remove the property setting and it will be selected by default)
2026-04-16T17:52:37.638+05:30  INFO 44364 --- [appointmentservice] [  restartedMain] org.hibernate.orm.connections.pooling    : HHH10001005: Database info:
	Database JDBC URL [Connecting through datasource 'HikariDataSource (HikariPool-7)']
	Database driver: undefined/unknown
	Database version: 17.9
	Autocommit mode: undefined/unknown
	Isolation level: undefined/unknown
	Minimum pool size: undefined/unknown
	Maximum pool size: undefined/unknown
2026-04-16T17:52:37.784+05:30  INFO 44364 --- [appointmentservice] [  restartedMain] o.h.e.t.j.p.i.JtaPlatformInitiator       : HHH000489: No JTA platform available (set 'hibernate.transaction.jta.platform' to enable JTA platform integration)
2026-04-16T17:52:37.857+05:30  INFO 44364 --- [appointmentservice] [  restartedMain] j.LocalContainerEntityManagerFactoryBean : Initialized JPA EntityManagerFactory for persistence unit 'default'
2026-04-16T17:52:37.981+05:30  WARN 44364 --- [appointmentservice] [  restartedMain] JpaBaseConfiguration$JpaWebConfiguration : spring.jpa.open-in-view is enabled by default. Therefore, database queries may be performed during view rendering. Explicitly configure spring.jpa.open-in-view to disable this warning
2026-04-16T17:52:38.187+05:30  INFO 44364 --- [appointmentservice] [  restartedMain] o.s.b.d.a.OptionalLiveReloadServer       : LiveReload server is running on port 35729
2026-04-16T17:52:38.209+05:30  INFO 44364 --- [appointmentservice] [  restartedMain] o.s.b.w.embedded.tomcat.TomcatWebServer  : Tomcat started on port 8083 (http) with context path '/'
2026-04-16T17:52:38.218+05:30  INFO 44364 --- [appointmentservice] [  restartedMain] c.s.a.AppointmentserviceApplication      : Started AppointmentserviceApplication in 1.485 seconds (process running for 715.8)
2026-04-16T17:52:38.226+05:30  INFO 44364 --- [appointmentservice] [  restartedMain] .ConditionEvaluationDeltaLoggingListener : Condition evaluation unchanged
2026-04-16T17:52:46.118+05:30  INFO 44364 --- [appointmentservice] [nio-8083-exec-2] o.a.c.c.C.[Tomcat-1].[localhost].[/]     : Initializing Spring DispatcherServlet 'dispatcherServlet'
2026-04-16T17:52:46.118+05:30  INFO 44364 --- [appointmentservice] [nio-8083-exec-2] o.s.web.servlet.DispatcherServlet        : Initializing Servlet 'dispatcherServlet'
2026-04-16T17:52:46.120+05:30  INFO 44364 --- [appointmentservice] [nio-8083-exec-2] o.s.web.servlet.DispatcherServlet        : Completed initialization in 1 ms
Hibernate: 
    select
        a1_0.id,
        a1_0.appointment_date,
        a1_0.appointment_time,
        a1_0.doctor_id,
        a1_0.patient_id,
        a1_0.reason,
        a1_0.status 
    from
        appointments a1_0
Hibernate: 
    insert 
    into
        appointments
        (appointment_date, appointment_time, doctor_id, patient_id, reason, status) 
    values
        (?, ?, ?, ?, ?, ?)
Hibernate: 
    select
        a1_0.id,
        a1_0.appointment_date,
        a1_0.appointment_time,
        a1_0.doctor_id,
        a1_0.patient_id,
        a1_0.reason,
        a1_0.status 
    from
        appointments a1_0 
    where
        a1_0.id=?
Hibernate: 
    update
        appointments 
    set
        appointment_date=?,
        appointment_time=?,
        doctor_id=?,
        patient_id=?,
        reason=?,
        status=? 
    where
        id=?
Hibernate: 
    insert 
    into
        appointment_status_history
        (appointment_id, changed_at, new_status, old_status) 
    values
        (?, ?, ?, ?)
Hibernate: 
    select
        ash1_0.id,
        ash1_0.appointment_id,
        ash1_0.changed_at,
        ash1_0.new_status,
        ash1_0.old_status 
    from
        appointment_status_history ash1_0
Hibernate: 
    select
        a1_0.id,
        a1_0.appointment_date,
        a1_0.appointment_time,
        a1_0.doctor_id,
        a1_0.patient_id,
        a1_0.reason,
        a1_0.status 
    from
        appointments a1_0 
    where
        a1_0.id=?
Hibernate: 
    select
        a1_0.id,
        a1_0.appointment_date,
        a1_0.appointment_time,
        a1_0.doctor_id,
        a1_0.patient_id,
        a1_0.reason,
        a1_0.status 
    from
        appointments a1_0 
    where
        a1_0.id=?
2026-04-16T18:00:19.511+05:30  INFO 44364 --- [appointmentservice] [ionShutdownHook] o.s.b.w.e.tomcat.GracefulShutdown        : Commencing graceful shutdown. Waiting for active requests to complete
2026-04-16T18:00:19.734+05:30  INFO 44364 --- [appointmentservice] [tomcat-shutdown] o.s.b.w.e.tomcat.GracefulShutdown        : Graceful shutdown complete
2026-04-16T18:00:19.803+05:30  INFO 44364 --- [appointmentservice] [ionShutdownHook] j.LocalContainerEntityManagerFactoryBean : Closing JPA EntityManagerFactory for persistence unit 'default'
2026-04-16T18:00:19.804+05:30  INFO 44364 --- [appointmentservice] [ionShutdownHook] com.zaxxer.hikari.HikariDataSource       : HikariPool-7 - Shutdown initiated...
2026-04-16T18:00:19.807+05:30  INFO 44364 --- [appointmentservice] [ionShutdownHook] com.zaxxer.hikari.HikariDataSource       : HikariPool-7 - Shutdown completed.
[INFO] ------------------------------------------------------------------------
[INFO] BUILD SUCCESS
[INFO] ------------------------------------------------------------------------
[INFO] Total time:  19:41 min
[INFO] Finished at: 2026-04-16T18:00:20+05:30
[INFO] ------------------------------------------------------------------------
Terminate batch job (Y/N)? 
