[INFO] Scanning for projects...
[INFO] 
[INFO] --------------------------< com.example:demo >--------------------------
[INFO] Building  0.0.1-SNAPSHOT
[INFO]   from pom.xml
[INFO] --------------------------------[ jar ]---------------------------------
[INFO] 
[INFO] >>> spring-boot:3.5.13:run (default-cli) > test-compile @ demo >>>
[INFO] 
[INFO] --- resources:3.3.1:resources (default-resources) @ demo ---
[INFO] Copying 1 resource from src\main\resources to target\classes
[INFO] Copying 0 resource from src\main\resources to target\classes
[INFO] 
[INFO] --- compiler:3.14.1:compile (default-compile) @ demo ---
[INFO] Nothing to compile - all classes are up to date.
[INFO] 
[INFO] --- resources:3.3.1:testResources (default-testResources) @ demo ---
[INFO] skip non existing resourceDirectory C:\Users\Dinujaya\Documents\GitHub\SyncClinic-Patient-Management-Microservices-Project\doctor-service\src\test\resources
[INFO] 
[INFO] --- compiler:3.14.1:testCompile (default-testCompile) @ demo ---
[INFO] Nothing to compile - all classes are up to date.
[INFO] 
[INFO] <<< spring-boot:3.5.13:run (default-cli) < test-compile @ demo <<<
[INFO] 
[INFO] 
[INFO] --- spring-boot:3.5.13:run (default-cli) @ demo ---
[INFO] Attaching agents: []

  .   ____          _            __ _ _
 /\\ / ___'_ __ _ _(_)_ __  __ _ \ \ \ \
( ( )\___ | '_ | '_| | '_ \/ _` | \ \ \ \
 \\/  ___)| |_)| | | | | || (_| |  ) ) ) )
  '  |____| .__|_| |_|_| |_\__, | / / / /
 =========|_|==============|___/=/_/_/_/

 :: Spring Boot ::               (v3.5.13)

2026-04-16T17:40:43.779+05:30  INFO 35152 --- [doctorservice] [  restartedMain] c.s.d.DoctorserviceApplication           : Starting DoctorserviceApplication using Java 17.0.12 with PID 35152 (C:\Users\Dinujaya\Documents\GitHub\SyncClinic-Patient-Management-Microservices-Project\doctor-service\target\classes started by Dinujaya in C:\Users\Dinujaya\Documents\GitHub\SyncClinic-Patient-Management-Microservices-Project\doctor-service)
2026-04-16T17:40:43.784+05:30  INFO 35152 --- [doctorservice] [  restartedMain] c.s.d.DoctorserviceApplication           : No active profile set, falling back to 1 default profile: "default"
2026-04-16T17:40:43.852+05:30  INFO 35152 --- [doctorservice] [  restartedMain] .e.DevToolsPropertyDefaultsPostProcessor : Devtools property defaults active! Set 'spring.devtools.add-properties' to 'false' to disable
2026-04-16T17:40:43.853+05:30  INFO 35152 --- [doctorservice] [  restartedMain] .e.DevToolsPropertyDefaultsPostProcessor : For additional web related logging consider setting the 'logging.level.web' property to 'DEBUG'
2026-04-16T17:40:44.863+05:30  INFO 35152 --- [doctorservice] [  restartedMain] .s.d.r.c.RepositoryConfigurationDelegate : Bootstrapping Spring Data JPA repositories in DEFAULT mode.
2026-04-16T17:40:44.971+05:30  INFO 35152 --- [doctorservice] [  restartedMain] .s.d.r.c.RepositoryConfigurationDelegate : Finished Spring Data repository scanning in 93 ms. Found 3 JPA repository interfaces.
2026-04-16T17:40:45.855+05:30  INFO 35152 --- [doctorservice] [  restartedMain] o.s.b.w.embedded.tomcat.TomcatWebServer  : Tomcat initialized with port 8082 (http)
2026-04-16T17:40:45.876+05:30  INFO 35152 --- [doctorservice] [  restartedMain] o.apache.catalina.core.StandardService   : Starting service [Tomcat]
2026-04-16T17:40:45.877+05:30  INFO 35152 --- [doctorservice] [  restartedMain] o.apache.catalina.core.StandardEngine    : Starting Servlet engine: [Apache Tomcat/10.1.53]
2026-04-16T17:40:45.947+05:30  INFO 35152 --- [doctorservice] [  restartedMain] o.a.c.c.C.[Tomcat].[localhost].[/]       : Initializing Spring embedded WebApplicationContext
2026-04-16T17:40:45.950+05:30  INFO 35152 --- [doctorservice] [  restartedMain] w.s.c.ServletWebServerApplicationContext : Root WebApplicationContext: initialization completed in 2095 ms
2026-04-16T17:40:46.204+05:30  INFO 35152 --- [doctorservice] [  restartedMain] o.hibernate.jpa.internal.util.LogHelper  : HHH000204: Processing PersistenceUnitInfo [name: default]
2026-04-16T17:40:46.286+05:30  INFO 35152 --- [doctorservice] [  restartedMain] org.hibernate.Version                    : HHH000412: Hibernate ORM core version 6.6.45.Final
2026-04-16T17:40:46.347+05:30  INFO 35152 --- [doctorservice] [  restartedMain] o.h.c.internal.RegionFactoryInitiator    : HHH000026: Second-level cache disabled
2026-04-16T17:40:46.793+05:30  INFO 35152 --- [doctorservice] [  restartedMain] o.s.o.j.p.SpringPersistenceUnitInfo      : No LoadTimeWeaver setup: ignoring JPA class transformer
2026-04-16T17:40:46.844+05:30  INFO 35152 --- [doctorservice] [  restartedMain] com.zaxxer.hikari.HikariDataSource       : HikariPool-1 - Starting...
2026-04-16T17:40:47.119+05:30  INFO 35152 --- [doctorservice] [  restartedMain] com.zaxxer.hikari.pool.HikariPool        : HikariPool-1 - Added connection org.postgresql.jdbc.PgConnection@3b00b19c
2026-04-16T17:40:47.125+05:30  INFO 35152 --- [doctorservice] [  restartedMain] com.zaxxer.hikari.HikariDataSource       : HikariPool-1 - Start completed.
2026-04-16T17:40:47.169+05:30  WARN 35152 --- [doctorservice] [  restartedMain] org.hibernate.orm.deprecation            : HHH90000025: PostgreSQLDialect does not need to be specified explicitly using 'hibernate.dialect' (remove the property setting and it will be selected by default)
2026-04-16T17:40:47.207+05:30  INFO 35152 --- [doctorservice] [  restartedMain] org.hibernate.orm.connections.pooling    : HHH10001005: Database info:
	Database JDBC URL [Connecting through datasource 'HikariDataSource (HikariPool-1)']
	Database driver: undefined/unknown
	Database version: 17.9
	Autocommit mode: undefined/unknown
	Isolation level: undefined/unknown
	Minimum pool size: undefined/unknown
	Maximum pool size: undefined/unknown
2026-04-16T17:40:48.689+05:30  INFO 35152 --- [doctorservice] [  restartedMain] o.h.e.t.j.p.i.JtaPlatformInitiator       : HHH000489: No JTA platform available (set 'hibernate.transaction.jta.platform' to enable JTA platform integration)
2026-04-16T17:40:48.826+05:30  INFO 35152 --- [doctorservice] [  restartedMain] j.LocalContainerEntityManagerFactoryBean : Initialized JPA EntityManagerFactory for persistence unit 'default'
2026-04-16T17:40:49.391+05:30  WARN 35152 --- [doctorservice] [  restartedMain] JpaBaseConfiguration$JpaWebConfiguration : spring.jpa.open-in-view is enabled by default. Therefore, database queries may be performed during view rendering. Explicitly configure spring.jpa.open-in-view to disable this warning
2026-04-16T17:40:49.950+05:30  WARN 35152 --- [doctorservice] [  restartedMain] o.s.b.d.a.OptionalLiveReloadServer       : Unable to start LiveReload server
2026-04-16T17:40:50.000+05:30  INFO 35152 --- [doctorservice] [  restartedMain] o.s.b.w.embedded.tomcat.TomcatWebServer  : Tomcat started on port 8082 (http) with context path '/'
2026-04-16T17:40:50.012+05:30  INFO 35152 --- [doctorservice] [  restartedMain] c.s.d.DoctorserviceApplication           : Started DoctorserviceApplication in 6.859 seconds (process running for 7.435)
2026-04-16T17:42:27.012+05:30  INFO 35152 --- [doctorservice] [nio-8082-exec-1] o.a.c.c.C.[Tomcat].[localhost].[/]       : Initializing Spring DispatcherServlet 'dispatcherServlet'
2026-04-16T17:42:27.013+05:30  INFO 35152 --- [doctorservice] [nio-8082-exec-1] o.s.web.servlet.DispatcherServlet        : Initializing Servlet 'dispatcherServlet'
2026-04-16T17:42:27.019+05:30  INFO 35152 --- [doctorservice] [nio-8082-exec-1] o.s.web.servlet.DispatcherServlet        : Completed initialization in 3 ms
Hibernate: 
    select
        d1_0.id,
        d1_0.bio,
        d1_0.email,
        d1_0.experience_years,
        d1_0.full_name,
        d1_0.hospital,
        d1_0.phone,
        d1_0.qualification,
        d1_0.specialty,
        d1_0.status 
    from
        doctors d1_0
Hibernate: 
    select
        d1_0.id,
        d1_0.bio,
        d1_0.email,
        d1_0.experience_years,
        d1_0.full_name,
        d1_0.hospital,
        d1_0.phone,
        d1_0.qualification,
        d1_0.specialty,
        d1_0.status 
    from
        doctors d1_0
Hibernate: 
    select
        d1_0.id,
        d1_0.bio,
        d1_0.email,
        d1_0.experience_years,
        d1_0.full_name,
        d1_0.hospital,
        d1_0.phone,
        d1_0.qualification,
        d1_0.specialty,
        d1_0.status 
    from
        doctors d1_0
Hibernate: 
    insert 
    into
        doctors
        (bio, email, experience_years, full_name, hospital, phone, qualification, specialty, status) 
    values
        (?, ?, ?, ?, ?, ?, ?, ?, ?)
Hibernate: 
    select
        d1_0.id,
        d1_0.bio,
        d1_0.email,
        d1_0.experience_years,
        d1_0.full_name,
        d1_0.hospital,
        d1_0.phone,
        d1_0.qualification,
        d1_0.specialty,
        d1_0.status 
    from
        doctors d1_0 
    where
        d1_0.id=?
Hibernate: 
    insert 
    into
        doctor_availability
        (day_of_week, doctor_id, end_time, start_time) 
    values
        (?, ?, ?, ?)
Hibernate: 
    select
        d1_0.id,
        d1_0.bio,
        d1_0.email,
        d1_0.experience_years,
        d1_0.full_name,
        d1_0.hospital,
        d1_0.phone,
        d1_0.qualification,
        d1_0.specialty,
        d1_0.status 
    from
        doctors d1_0
Hibernate: 
    insert 
    into
        doctors
        (bio, email, experience_years, full_name, hospital, phone, qualification, specialty, status) 
    values
        (?, ?, ?, ?, ?, ?, ?, ?, ?)
Hibernate: 
    select
        d1_0.id,
        d1_0.bio,
        d1_0.email,
        d1_0.experience_years,
        d1_0.full_name,
        d1_0.hospital,
        d1_0.phone,
        d1_0.qualification,
        d1_0.specialty,
        d1_0.status 
    from
        doctors d1_0 
    where
        d1_0.id=?
Hibernate: 
    insert 
    into
        doctor_availability
        (day_of_week, doctor_id, end_time, start_time) 
    values
        (?, ?, ?, ?)
Hibernate: 
    select
        d1_0.id,
        d1_0.bio,
        d1_0.email,
        d1_0.experience_years,
        d1_0.full_name,
        d1_0.hospital,
        d1_0.phone,
        d1_0.qualification,
        d1_0.specialty,
        d1_0.status 
    from
        doctors d1_0
Hibernate: 
    insert 
    into
        doctors
        (bio, email, experience_years, full_name, hospital, phone, qualification, specialty, status) 
    values
        (?, ?, ?, ?, ?, ?, ?, ?, ?)
Hibernate: 
    select
        d1_0.id,
        d1_0.bio,
        d1_0.email,
        d1_0.experience_years,
        d1_0.full_name,
        d1_0.hospital,
        d1_0.phone,
        d1_0.qualification,
        d1_0.specialty,
        d1_0.status 
    from
        doctors d1_0 
    where
        d1_0.id=?
Hibernate: 
    insert 
    into
        doctor_availability
        (day_of_week, doctor_id, end_time, start_time) 
    values
        (?, ?, ?, ?)
